[16Feb2026 11:05:50.954] [main/INFO] [net.neoforged.fml.startup.Entrypoint/]: JVM Uptime at startup: 151ms
[16Feb2026 11:05:50.961] [main/INFO] [net.neoforged.fml.loading.FMLLoader/]: Starting FancyModLoader version 10.0.36 (CLIENT in DEV)
[16Feb2026 11:05:50.962] [main/INFO] [net.neoforged.fml.loading.FMLLoader/]: Game directory: C:\Users\TheyCreeper\Documents\Dev\CustomHomes\run
[16Feb2026 11:05:50.962] [main/DEBUG] [net.neoforged.fml.loading.FMLPaths/CORE]: Path GAMEDIR is C:\Users\TheyCreeper\Documents\Dev\CustomHomes\run
[16Feb2026 11:05:50.962] [main/DEBUG] [net.neoforged.fml.loading.FMLPaths/CORE]: Path JIJ_CACHEDIR is C:\Users\TheyCreeper\Documents\Dev\CustomHomes\run\.cache\jij
[16Feb2026 11:05:50.963] [main/DEBUG] [net.neoforged.fml.loading.FMLPaths/CORE]: Path MODSDIR is C:\Users\TheyCreeper\Documents\Dev\CustomHomes\run\mods
[16Feb2026 11:05:50.963] [main/DEBUG] [net.neoforged.fml.loading.FMLPaths/CORE]: Path CONFIGDIR is C:\Users\TheyCreeper\Documents\Dev\CustomHomes\run\config
[16Feb2026 11:05:50.963] [main/DEBUG] [net.neoforged.fml.loading.FMLPaths/CORE]: Path FMLCONFIG is C:\Users\TheyCreeper\Documents\Dev\CustomHomes\run\config\fml.toml
[16Feb2026 11:05:51.004] [ForkJoinPool.commonPool-worker-3/DEBUG] [net.neoforged.fml.loading.EarlyServiceDiscovery/]: C:\Users\TheyCreeper\.gradle\caches\modules-2\files-2.1\net.neoforged.fancymodloader\loader\10.0.36\f72ab4d3e755fe736829883d90430a281527aca\loader-10.0.36.jar contains early service net.neoforged.neoforgespi.locating.IModFileReader
[16Feb2026 11:05:51.004] [ForkJoinPool.commonPool-worker-7/DEBUG] [net.neoforged.fml.loading.EarlyServiceDiscovery/]: C:\Users\TheyCreeper\.gradle\caches\modules-2\files-2.1\net.neoforged.fancymodloader\earlydisplay\10.0.36\dbd0e11d545443f602addede111c39d9639708f9\earlydisplay-10.0.36.jar contains early service net.neoforged.neoforgespi.earlywindow.ImmediateWindowProvider
[16Feb2026 11:05:51.012] [ForkJoinPool.commonPool-worker-3/DEBUG] [net.neoforged.fml.loading.moddiscovery.ModFile/LOADING]: Loading mod file C:\Users\TheyCreeper\.gradle\caches\modules-2\files-2.1\net.neoforged.fancymodloader\loader\10.0.36\f72ab4d3e755fe736829883d90430a281527aca\loader-10.0.36.jar with languages []
[16Feb2026 11:05:51.012] [ForkJoinPool.commonPool-worker-7/DEBUG] [net.neoforged.fml.loading.moddiscovery.ModFile/LOADING]: Loading mod file C:\Users\TheyCreeper\.gradle\caches\modules-2\files-2.1\net.neoforged.fancymodloader\earlydisplay\10.0.36\dbd0e11d545443f602addede111c39d9639708f9\earlydisplay-10.0.36.jar with languages []
[16Feb2026 11:05:51.013] [main/INFO] [net.neoforged.fml.loading.EarlyServiceDiscovery/]: Found 2 early service jars (out of 105) in 21ms
[16Feb2026 11:05:51.014] [main/INFO] [net.neoforged.fml.loading.FMLLoader/]: Loading FML Early Services:
[16Feb2026 11:05:51.014] [main/INFO] [net.neoforged.fml.loading.FMLLoader/]:  - C:/Users/TheyCreeper/.gradle/caches/modules-2/files-2.1/net.neoforged.fancymodloader/earlydisplay/10.0.36/dbd0e11d545443f602addede111c39d9639708f9/earlydisplay-10.0.36.jar
[16Feb2026 11:05:51.015] [main/INFO] [net.neoforged.fml.loading.FMLLoader/]:  - C:/Users/TheyCreeper/.gradle/caches/modules-2/files-2.1/net.neoforged.fancymodloader/loader/10.0.36/f72ab4d3e755fe736829883d90430a281527aca/loader-10.0.36.jar
[16Feb2026 11:05:51.019] [main/DEBUG] [net.neoforged.fml.util.ServiceLoaderUtil/CORE]: Found 0 implementations of GraphicsBootstrapper:
[16Feb2026 11:05:51.019] [main/INFO] [net.neoforged.fml.loading.ImmediateWindowHandler/]: Loading ImmediateWindowProvider fmlearlywindow
[16Feb2026 11:05:51.022] [main/DEBUG] [net.neoforged.fml.util.ServiceLoaderUtil/CORE]: Found 1 implementations of ImmediateWindowProvider:
[16Feb2026 11:05:51.023] [main/DEBUG] [net.neoforged.fml.util.ServiceLoaderUtil/CORE]: 	net.neoforged.fml.earlydisplay.DisplayWindow from C:/Users/TheyCreeper/.gradle/caches/modules-2/files-2.1/net.neoforged.fancymodloader/earlydisplay/10.0.36/dbd0e11d545443f602addede111c39d9639708f9/earlydisplay-10.0.36.jar
[16Feb2026 11:05:51.061] [main/DEBUG] [net.neoforged.fml.earlydisplay.theme.ThemeLoader/]: Loading built-in theme default
[16Feb2026 11:05:51.353] [ForkJoinPool.commonPool-worker-6/DEBUG] [net.neoforged.fml.util.ServiceLoaderUtil/CORE]: Found 4 implementations of IModFileCandidateLocator:
[16Feb2026 11:05:51.353] [ForkJoinPool.commonPool-worker-6/DEBUG] [net.neoforged.fml.util.ServiceLoaderUtil/CORE]: 	    1000 - [built-in] net.neoforged.fml.loading.moddiscovery.locators.GameLocator from C:/Users/TheyCreeper/.gradle/caches/modules-2/files-2.1/net.neoforged.fancymodloader/loader/10.0.36/f72ab4d3e755fe736829883d90430a281527aca/loader-10.0.36.jar
[16Feb2026 11:05:51.353] [ForkJoinPool.commonPool-worker-6/DEBUG] [net.neoforged.fml.util.ServiceLoaderUtil/CORE]: 	    1000 - [built-in] net.neoforged.fml.loading.moddiscovery.locators.InDevFolderLocator from C:/Users/TheyCreeper/.gradle/caches/modules-2/files-2.1/net.neoforged.fancymodloader/loader/10.0.36/f72ab4d3e755fe736829883d90430a281527aca/loader-10.0.36.jar
[16Feb2026 11:05:51.354] [ForkJoinPool.commonPool-worker-6/DEBUG] [net.neoforged.fml.util.ServiceLoaderUtil/CORE]: 	    1000 - [built-in] net.neoforged.fml.loading.moddiscovery.locators.InDevJarLocator from C:/Users/TheyCreeper/.gradle/caches/modules-2/files-2.1/net.neoforged.fancymodloader/loader/10.0.36/f72ab4d3e755fe736829883d90430a281527aca/loader-10.0.36.jar
[16Feb2026 11:05:51.354] [ForkJoinPool.commonPool-worker-6/DEBUG] [net.neoforged.fml.util.ServiceLoaderUtil/CORE]: 	       0 - [built-in] net.neoforged.fml.loading.moddiscovery.locators.ModsFolderLocator from C:/Users/TheyCreeper/.gradle/caches/modules-2/files-2.1/net.neoforged.fancymodloader/loader/10.0.36/f72ab4d3e755fe736829883d90430a281527aca/loader-10.0.36.jar
[16Feb2026 11:05:51.356] [ForkJoinPool.commonPool-worker-6/DEBUG] [net.neoforged.fml.util.ServiceLoaderUtil/CORE]: Found 2 implementations of IModFileReader:
[16Feb2026 11:05:51.356] [ForkJoinPool.commonPool-worker-6/DEBUG] [net.neoforged.fml.util.ServiceLoaderUtil/CORE]: 	       0 - net.neoforged.fml.loading.moddiscovery.readers.JarModsDotTomlModFileReader from C:/Users/TheyCreeper/.gradle/caches/modules-2/files-2.1/net.neoforged.fancymodloader/loader/10.0.36/f72ab4d3e755fe736829883d90430a281527aca/loader-10.0.36.jar
[16Feb2026 11:05:51.356] [ForkJoinPool.commonPool-worker-6/DEBUG] [net.neoforged.fml.util.ServiceLoaderUtil/CORE]: 	   -1000 - net.neoforged.fml.loading.moddiscovery.readers.NestedLibraryModReader from C:/Users/TheyCreeper/.gradle/caches/modules-2/files-2.1/net.neoforged.fancymodloader/loader/10.0.36/f72ab4d3e755fe736829883d90430a281527aca/loader-10.0.36.jar
[16Feb2026 11:05:51.359] [ForkJoinPool.commonPool-worker-6/DEBUG] [net.neoforged.fml.util.ServiceLoaderUtil/CORE]: Found 1 implementations of IDependencyLocator:
[16Feb2026 11:05:51.359] [ForkJoinPool.commonPool-worker-6/DEBUG] [net.neoforged.fml.util.ServiceLoaderUtil/CORE]: 	       0 - net.neoforged.fml.loading.moddiscovery.locators.JarInJarDependencyLocator from C:/Users/TheyCreeper/.gradle/caches/modules-2/files-2.1/net.neoforged.fancymodloader/loader/10.0.36/f72ab4d3e755fe736829883d90430a281527aca/loader-10.0.36.jar
[16Feb2026 11:05:51.387] [ForkJoinPool.commonPool-worker-6/DEBUG] [net.neoforged.fml.loading.moddiscovery.locators.RequiredSystemFiles/]: Found NeoForge MANIFEST.MF in jar(C:/Users/TheyCreeper/Documents/Dev/CustomHomes/build/moddev/artifacts/neoforge-21.11.38-beta.jar)
[16Feb2026 11:05:51.389] [ForkJoinPool.commonPool-worker-6/INFO] [net.neoforged.fml.loading.moddiscovery.locators.GameLocator/]: Detected a joined NeoForge and Minecraft configuration. Applying filtering...
[16Feb2026 11:05:51.500] [ForkJoinPool.commonPool-worker-6/DEBUG] [net.neoforged.fml.loading.moddiscovery.ModFileInfo/LOADING]: Found valid mod file neoforge-21.11.38-beta-client-extra-aka-minecraft-resources.jar with {minecraft} mods - versions {1.21.11}
[16Feb2026 11:05:51.502] [ForkJoinPool.commonPool-worker-6/DEBUG] [net.neoforged.fml.loading.moddiscovery.ModFile/LOADING]: Loading mod file C:\Users\TheyCreeper\Documents\Dev\CustomHomes\build\moddev\artifacts\neoforge-21.11.38-beta-client-extra-aka-minecraft-resources.jar with languages [LanguageSpec[languageName=minecraft, acceptedVersions=1]]
[16Feb2026 11:05:51.503] [ForkJoinPool.commonPool-worker-6/DEBUG] [net.neoforged.fml.loading.moddiscovery.ModFileParser/LOADING]: Considering mod file candidate C:\Users\TheyCreeper\Documents\Dev\CustomHomes\build\moddev\artifacts\neoforge-21.11.38-beta.jar
[16Feb2026 11:05:51.505] [ForkJoinPool.commonPool-worker-6/DEBUG] [net.neoforged.fml.loading.moddiscovery.ModFileInfo/LOADING]: Found valid mod file neoforge-21.11.38-beta.jar with {neoforge} mods - versions {21.11.38-beta}
[16Feb2026 11:05:51.505] [ForkJoinPool.commonPool-worker-6/DEBUG] [net.neoforged.fml.loading.moddiscovery.ModFile/LOADING]: Loading mod file C:\Users\TheyCreeper\Documents\Dev\CustomHomes\build\moddev\artifacts\neoforge-21.11.38-beta.jar with languages [LanguageSpec[languageName=javafml, acceptedVersions=[3,]]]
[16Feb2026 11:05:51.516] [ForkJoinPool.commonPool-worker-6/DEBUG] [net.neoforged.fml.loading.moddiscovery.ModFile/LOADING]: Found mixin config MixinConfig[config=neoforge.mixins.json, requiredMods=[], behaviorVersion=null]
[16Feb2026 11:05:51.519] [ForkJoinPool.commonPool-worker-6/INFO] [net.neoforged.fml.loading.moddiscovery.locators.InDevFolderLocator/CORE]: Got mod coordinates customhomes%%C:\Users\TheyCreeper\Documents\Dev\CustomHomes\build\classes\java\main;customhomes%%C:\Users\TheyCreeper\Documents\Dev\CustomHomes\build\resources\main from env
[16Feb2026 11:05:51.524] [ForkJoinPool.commonPool-worker-6/DEBUG] [net.neoforged.fml.loading.moddiscovery.ModFileParser/LOADING]: Considering mod file candidate C:\Users\TheyCreeper\Documents\Dev\CustomHomes\build\classes\java\main
[16Feb2026 11:05:51.527] [ForkJoinPool.commonPool-worker-6/DEBUG] [net.neoforged.fml.loading.moddiscovery.ModFileInfo/LOADING]: Found valid mod file main with {customhomes} mods - versions {1.0.0}
[16Feb2026 11:05:51.527] [ForkJoinPool.commonPool-worker-6/DEBUG] [net.neoforged.fml.loading.moddiscovery.ModFile/LOADING]: Loading mod file C:\Users\TheyCreeper\Documents\Dev\CustomHomes\build\classes\java\main with languages [LanguageSpec[languageName=null, acceptedVersions=null]]
[16Feb2026 11:05:51.530] [ForkJoinPool.commonPool-worker-6/DEBUG] [net.neoforged.fml.loading.moddiscovery.ModDiscoverer/]: Skipping C:\Users\TheyCreeper\Documents\Dev\CustomHomes\build\moddev\artifacts\neoforge-21.11.38-beta.jar because it was already located earlier
[16Feb2026 11:05:51.530] [ForkJoinPool.commonPool-worker-6/DEBUG] [net.neoforged.fml.loading.moddiscovery.ModFileParser/LOADING]: Considering mod file candidate C:\Users\TheyCreeper\.gradle\caches\modules-2\files-2.1\eu.midnightdust\midnightlib\1.9.2+1.21.11-neoforge\81ceb5f224a292afd765c6cdbaffa403bda4a270\midnightlib-1.9.2+1.21.11-neoforge.jar
[16Feb2026 11:05:51.531] [ForkJoinPool.commonPool-worker-6/DEBUG] [net.neoforged.fml.loading.moddiscovery.ModFileInfo/LOADING]: Found valid mod file midnightlib-1.9.2+1.21.11-neoforge.jar with {midnightlib} mods - versions {1.9.2}
[16Feb2026 11:05:51.531] [ForkJoinPool.commonPool-worker-6/DEBUG] [net.neoforged.fml.loading.moddiscovery.ModFile/LOADING]: Loading mod file C:\Users\TheyCreeper\.gradle\caches\modules-2\files-2.1\eu.midnightdust\midnightlib\1.9.2+1.21.11-neoforge\81ceb5f224a292afd765c6cdbaffa403bda4a270\midnightlib-1.9.2+1.21.11-neoforge.jar with languages [LanguageSpec[languageName=javafml, acceptedVersions=[2,)]]
[16Feb2026 11:05:51.531] [ForkJoinPool.commonPool-worker-6/DEBUG] [net.neoforged.fml.loading.moddiscovery.ModFile/LOADING]: Found mixin config MixinConfig[config=midnightlib.mixins.json, requiredMods=[], behaviorVersion=null]
[16Feb2026 11:05:51.567] [fml-loadingscreen/INFO] [net.neoforged.fml.earlydisplay.render.LoadingScreenRenderer/]: GL info: NVIDIA GeForce RTX 2060/PCIe/SSE2 GL version 3.3.0 NVIDIA 591.74, NVIDIA Corporation
[16Feb2026 11:05:51.607] [ForkJoinPool.commonPool-worker-6/DEBUG] [net.neoforged.fml.loading.moddiscovery.ModFile/LOADING]: Loading mod file C:\Users\TheyCreeper\Documents\Dev\CustomHomes\run\.cache\jij\9c617719248f8b89847348fc7ea5e705739c147ae5e172551264d225bc9f2507\mixinextras-neoforge-0.5.0.jar with languages []
[16Feb2026 11:05:51.610] [ForkJoinPool.commonPool-worker-6/DEBUG] [net.neoforged.fml.loading.moddiscovery.ModFile/LOADING]: Loading mod file C:\Users\TheyCreeper\Documents\Dev\CustomHomes\run\.cache\jij\54bb3c61f37ced77ba30dc02ca5b2f71ced259612101a8b1325855cff9d9755c\net.neoforged.neoforge-coremods-21.11.38-beta.jar with languages []
[16Feb2026 11:05:51.640] [ForkJoinPool.commonPool-worker-6/INFO] [net.neoforged.fml.loading.moddiscovery.locators.JarInJarDependencyLocator/]: Found 2 dependencies adding them to mods collection
[16Feb2026 11:05:51.642] [ForkJoinPool.commonPool-worker-6/INFO] [net.neoforged.fml.loading.moddiscovery.ModDiscoverer/]: 
     Mod List:
		Name Version (Mod Id)

		CustomHomes 1.0.0 (customhomes)
		MidnightLib 1.9.2 (midnightlib)
		Minecraft 1.21.11 (minecraft)
		NeoForge 21.11.38-beta (neoforge)
[16Feb2026 11:05:51.646] [ForkJoinPool.commonPool-worker-6/DEBUG] [net.neoforged.fml.loading.ModSorter/]: Configured system mods: [minecraft, neoforge]
[16Feb2026 11:05:51.646] [ForkJoinPool.commonPool-worker-6/DEBUG] [net.neoforged.fml.loading.ModSorter/]: Found system mod: minecraft
[16Feb2026 11:05:51.646] [ForkJoinPool.commonPool-worker-6/DEBUG] [net.neoforged.fml.loading.ModSorter/]: Found system mod: neoforge
[16Feb2026 11:05:51.649] [ForkJoinPool.commonPool-worker-6/DEBUG] [net.neoforged.fml.loading.ModSorter/LOADING]: Found 4 mod requirements (4 mandatory, 0 optional)
[16Feb2026 11:05:51.650] [ForkJoinPool.commonPool-worker-6/DEBUG] [net.neoforged.fml.loading.ModSorter/LOADING]: Found 0 mod requirements missing (0 mandatory, 0 optional)
[16Feb2026 11:05:51.807] [main/INFO] [mixin/]: SpongePowered MIXIN Subsystem Version=0.8.7 Source=file:/C:/Users/TheyCreeper/.gradle/caches/modules-2/files-2.1/net.fabricmc/sponge-mixin/0.16.5+mixin.0.8.7/80fc3a9f592673cea87f4cd702f87991c6c9fe4d/sponge-mixin-0.16.5+mixin.0.8.7.jar Service=FML Env=CLIENT
[16Feb2026 11:05:51.826] [main/DEBUG] [mixin/]: Initialising Mixin Platform Manager
[16Feb2026 11:05:51.826] [main/DEBUG] [mixin/]: Adding mixin platform agents for container ContainerHandleVirtual(fml:18c85)
[16Feb2026 11:05:51.827] [main/DEBUG] [mixin/]: Instancing new MixinPlatformAgentDefault for ContainerHandleVirtual(fml:18c85)
[16Feb2026 11:05:51.827] [main/DEBUG] [mixin/]: MixinPlatformAgentDefault accepted container ContainerHandleVirtual(fml:18c85)
[16Feb2026 11:05:51.827] [main/DEBUG] [mixin/]: Instancing new MixinPlatformAgentDefault for ContainerHandleVirtual(fml:18c85)
[16Feb2026 11:05:51.827] [main/DEBUG] [mixin/]: MixinPlatformAgentDefault accepted container ContainerHandleVirtual(fml:18c85)
[16Feb2026 11:05:51.827] [main/DEBUG] [mixin/]: Processing prepare() for PlatformAgent[MixinPlatformAgentDefault:ContainerHandleVirtual(fml:18c85)]
[16Feb2026 11:05:51.827] [main/DEBUG] [mixin/]: Processing prepare() for PlatformAgent[MixinPlatformAgentDefault:ContainerHandleVirtual(fml:18c85)]
[16Feb2026 11:05:51.829] [main/INFO] [net.neoforged.fml.loading.FMLLoader/]: Loading FML Plugins:
[16Feb2026 11:05:51.829] [main/INFO] [net.neoforged.fml.loading.FMLLoader/]:  - C:/Users/TheyCreeper/Documents/Dev/CustomHomes/build/moddev/artifacts/neoforge-21.11.38-beta.jar > net.neoforged.neoforge-coremods-21.11.38-beta.jar
[16Feb2026 11:05:51.833] [main/DEBUG] [net.neoforged.fml.util.ServiceLoaderUtil/CORE]: Found 2 implementations of IModLanguageLoader:
[16Feb2026 11:05:51.833] [main/DEBUG] [net.neoforged.fml.util.ServiceLoaderUtil/CORE]: 	net.neoforged.fml.javafmlmod.FMLJavaModLanguageProvider from C:/Users/TheyCreeper/.gradle/caches/modules-2/files-2.1/net.neoforged.fancymodloader/loader/10.0.36/f72ab4d3e755fe736829883d90430a281527aca/loader-10.0.36.jar
[16Feb2026 11:05:51.833] [main/DEBUG] [net.neoforged.fml.util.ServiceLoaderUtil/CORE]: 	net.neoforged.fml.mclanguageprovider.MinecraftModLanguageProvider from C:/Users/TheyCreeper/.gradle/caches/modules-2/files-2.1/net.neoforged.fancymodloader/loader/10.0.36/f72ab4d3e755fe736829883d90430a281527aca/loader-10.0.36.jar
[16Feb2026 11:05:51.834] [main/DEBUG] [net.neoforged.fml.loading.LanguageProviderLoader/CORE]: Found language provider javafml, version 10.0
[16Feb2026 11:05:51.835] [main/DEBUG] [net.neoforged.fml.loading.LanguageProviderLoader/CORE]: Found language provider minecraft, version 10.0
[16Feb2026 11:05:51.837] [main/DEBUG] [net.neoforged.fml.loading.FMLLoader/]: Adding Access Transformer META-INF/accesstransformer.cfg in composite(filtered(jar(C:/Users/TheyCreeper/Documents/Dev/CustomHomes/build/moddev/artifacts/neoforge-21.11.38-beta.jar)))
[16Feb2026 11:05:51.853] [main/DEBUG] [net.neoforged.fml.loading.FMLLoader/]: Adding Access Transformer META-INF/accesstransformergenerated.cfg in composite(filtered(jar(C:/Users/TheyCreeper/Documents/Dev/CustomHomes/build/moddev/artifacts/neoforge-21.11.38-beta.jar)))
[16Feb2026 11:05:51.865] [main/DEBUG] [net.neoforged.fml.util.ServiceLoaderUtil/CORE]: Found 5 implementations of ClassProcessor:
[16Feb2026 11:05:51.865] [main/DEBUG] [net.neoforged.fml.util.ServiceLoaderUtil/CORE]: 	[built-in] net.neoforged.fml.common.asm.AccessTransformerService from C:/Users/TheyCreeper/.gradle/caches/modules-2/files-2.1/net.neoforged.fancymodloader/loader/10.0.36/f72ab4d3e755fe736829883d90430a281527aca/loader-10.0.36.jar
[16Feb2026 11:05:51.866] [main/DEBUG] [net.neoforged.fml.util.ServiceLoaderUtil/CORE]: 	[built-in] net.neoforged.fml.common.asm.enumextension.RuntimeEnumExtender from C:/Users/TheyCreeper/.gradle/caches/modules-2/files-2.1/net.neoforged.fancymodloader/loader/10.0.36/f72ab4d3e755fe736829883d90430a281527aca/loader-10.0.36.jar
[16Feb2026 11:05:51.866] [main/DEBUG] [net.neoforged.fml.util.ServiceLoaderUtil/CORE]: 	[built-in] net.neoforged.fml.common.asm.SimpleProcessorsGroup from C:/Users/TheyCreeper/.gradle/caches/modules-2/files-2.1/net.neoforged.fancymodloader/loader/10.0.36/f72ab4d3e755fe736829883d90430a281527aca/loader-10.0.36.jar
[16Feb2026 11:05:51.866] [main/DEBUG] [net.neoforged.fml.util.ServiceLoaderUtil/CORE]: 	[built-in] net.neoforged.fml.loading.moddiscovery.locators.NeoForgeDevDistCleaner from C:/Users/TheyCreeper/.gradle/caches/modules-2/files-2.1/net.neoforged.fancymodloader/loader/10.0.36/f72ab4d3e755fe736829883d90430a281527aca/loader-10.0.36.jar
[16Feb2026 11:05:51.866] [main/DEBUG] [net.neoforged.fml.util.ServiceLoaderUtil/CORE]: 	[built-in] net.neoforged.fml.loading.mixin.FMLMixinClassProcessor from C:/Users/TheyCreeper/.gradle/caches/modules-2/files-2.1/net.neoforged.fancymodloader/loader/10.0.36/f72ab4d3e755fe736829883d90430a281527aca/loader-10.0.36.jar
[16Feb2026 11:05:51.867] [main/DEBUG] [net.neoforged.fml.util.ServiceLoaderUtil/CORE]: Found 1 implementations of ClassProcessorProvider:
[16Feb2026 11:05:51.867] [main/DEBUG] [net.neoforged.fml.util.ServiceLoaderUtil/CORE]: 	net.neoforged.neoforge.coremods.NeoForgeCoreMod from C:/Users/TheyCreeper/Documents/Dev/CustomHomes/build/moddev/artifacts/neoforge-21.11.38-beta.jar > net.neoforged.neoforge-coremods-21.11.38-beta.jar
[16Feb2026 11:05:51.885] [main/DEBUG] [net.neoforged.fml.loading.FMLLoader/]: Masking classpath elements: [C:/Users/TheyCreeper/Documents/Dev/CustomHomes/build/resources/main, C:/Users/TheyCreeper/.gradle/caches/modules-2/files-2.1/eu.midnightdust/midnightlib/1.9.2+1.21.11-neoforge/81ceb5f224a292afd765c6cdbaffa403bda4a270/midnightlib-1.9.2+1.21.11-neoforge.jar, C:/Users/TheyCreeper/Documents/Dev/CustomHomes/build/moddev/artifacts/neoforge-21.11.38-beta.jar, C:/Users/TheyCreeper/Documents/Dev/CustomHomes/build/moddev/artifacts/neoforge-21.11.38-beta-client-extra-aka-minecraft-resources.jar, C:/Users/TheyCreeper/Documents/Dev/CustomHomes/build/classes/java/main]
[16Feb2026 11:05:51.896] [main/INFO] [net.neoforged.fml.loading.FMLLoader/]: Building game content classloader:
 - customhomes (composite(folder(C:/Users/TheyCreeper/Documents/Dev/CustomHomes/build/classes/java/main), folder(C:/Users/TheyCreeper/Documents/Dev/CustomHomes/build/resources/main)))
 - midnightlib (jar(C:/Users/TheyCreeper/.gradle/caches/modules-2/files-2.1/eu.midnightdust/midnightlib/1.9.2+1.21.11-neoforge/81ceb5f224a292afd765c6cdbaffa403bda4a270/midnightlib-1.9.2+1.21.11-neoforge.jar))
 - minecraft (composite(jar(C:/Users/TheyCreeper/Documents/Dev/CustomHomes/build/moddev/artifacts/neoforge-21.11.38-beta-client-extra-aka-minecraft-resources.jar), filtered(jar(C:/Users/TheyCreeper/Documents/Dev/CustomHomes/build/moddev/artifacts/neoforge-21.11.38-beta.jar))))
 - mixinextras.neoforge (jar(C:/Users/TheyCreeper/Documents/Dev/CustomHomes/build/moddev/artifacts/neoforge-21.11.38-beta.jar > mixinextras-neoforge-0.5.0.jar))
 - neoforge (composite(filtered(jar(C:/Users/TheyCreeper/Documents/Dev/CustomHomes/build/moddev/artifacts/neoforge-21.11.38-beta.jar))))
 - net.neoforged.fml.generated (empty(VirtualJar/net.neoforged.fml.generated))
[16Feb2026 11:05:51.905] [main/INFO] [net.neoforged.fml.loading.FMLLoader/]: Built game content classloader in 20ms
[16Feb2026 11:05:51.941] [main/DEBUG] [mixin/]: Compatibility level JAVA_17 specified by midnightlib.mixins.json is lower than the default level supported by the current mixin service (JAVA_21).
[16Feb2026 11:05:51.941] [main/DEBUG] [mixin/]: Compatibility level JAVA_17 specified by midnightlib.mixins.json is higher than the maximum level supported by this version of mixin (JAVA_13).
[16Feb2026 11:05:51.943] [main/DEBUG] [mixin/]: Processing launch tasks for PlatformAgent[MixinPlatformAgentDefault:ContainerHandleVirtual(fml:18c85)]
[16Feb2026 11:05:51.944] [main/DEBUG] [mixin/]: Processing launch tasks for PlatformAgent[MixinPlatformAgentDefault:ContainerHandleVirtual(fml:18c85)]
[16Feb2026 11:05:51.944] [main/DEBUG] [mixin/]: Adding agents for Mixin Container composite(filtered(jar(C:/Users/TheyCreeper/Documents/Dev/CustomHomes/build/moddev/artifacts/neoforge-21.11.38-beta.jar))) > jar(C:/Users/TheyCreeper/Documents/Dev/CustomHomes/build/moddev/artifacts/neoforge-21.11.38-beta.jar > net.neoforged.neoforge-coremods-21.11.38-beta.jar)
[16Feb2026 11:05:51.944] [main/DEBUG] [mixin/]: Adding mixin platform agents for container composite(filtered(jar(C:/Users/TheyCreeper/Documents/Dev/CustomHomes/build/moddev/artifacts/neoforge-21.11.38-beta.jar))) > jar(C:/Users/TheyCreeper/Documents/Dev/CustomHomes/build/moddev/artifacts/neoforge-21.11.38-beta.jar > net.neoforged.neoforge-coremods-21.11.38-beta.jar)
[16Feb2026 11:05:51.944] [main/DEBUG] [mixin/]: Instancing new MixinPlatformAgentDefault for composite(filtered(jar(C:/Users/TheyCreeper/Documents/Dev/CustomHomes/build/moddev/artifacts/neoforge-21.11.38-beta.jar))) > jar(C:/Users/TheyCreeper/Documents/Dev/CustomHomes/build/moddev/artifacts/neoforge-21.11.38-beta.jar > net.neoforged.neoforge-coremods-21.11.38-beta.jar)
[16Feb2026 11:05:51.944] [main/DEBUG] [mixin/]: MixinPlatformAgentDefault accepted container composite(filtered(jar(C:/Users/TheyCreeper/Documents/Dev/CustomHomes/build/moddev/artifacts/neoforge-21.11.38-beta.jar))) > jar(C:/Users/TheyCreeper/Documents/Dev/CustomHomes/build/moddev/artifacts/neoforge-21.11.38-beta.jar > net.neoforged.neoforge-coremods-21.11.38-beta.jar)
[16Feb2026 11:05:51.945] [main/DEBUG] [mixin/]: Instancing new MixinPlatformAgentDefault for composite(filtered(jar(C:/Users/TheyCreeper/Documents/Dev/CustomHomes/build/moddev/artifacts/neoforge-21.11.38-beta.jar))) > jar(C:/Users/TheyCreeper/Documents/Dev/CustomHomes/build/moddev/artifacts/neoforge-21.11.38-beta.jar > net.neoforged.neoforge-coremods-21.11.38-beta.jar)
[16Feb2026 11:05:51.945] [main/DEBUG] [mixin/]: MixinPlatformAgentDefault accepted container composite(filtered(jar(C:/Users/TheyCreeper/Documents/Dev/CustomHomes/build/moddev/artifacts/neoforge-21.11.38-beta.jar))) > jar(C:/Users/TheyCreeper/Documents/Dev/CustomHomes/build/moddev/artifacts/neoforge-21.11.38-beta.jar > net.neoforged.neoforge-coremods-21.11.38-beta.jar)
[16Feb2026 11:05:51.945] [main/DEBUG] [mixin/]: Processing prepare() for PlatformAgent[MixinPlatformAgentDefault:composite(filtered(jar(C:/Users/TheyCreeper/Documents/Dev/CustomHomes/build/moddev/artifacts/neoforge-21.11.38-beta.jar))) > jar(C:/Users/TheyCreeper/Documents/Dev/CustomHomes/build/moddev/artifacts/neoforge-21.11.38-beta.jar > net.neoforged.neoforge-coremods-21.11.38-beta.jar)]
[16Feb2026 11:05:51.945] [main/DEBUG] [mixin/]: Processing prepare() for PlatformAgent[MixinPlatformAgentDefault:composite(filtered(jar(C:/Users/TheyCreeper/Documents/Dev/CustomHomes/build/moddev/artifacts/neoforge-21.11.38-beta.jar))) > jar(C:/Users/TheyCreeper/Documents/Dev/CustomHomes/build/moddev/artifacts/neoforge-21.11.38-beta.jar > net.neoforged.neoforge-coremods-21.11.38-beta.jar)]
[16Feb2026 11:05:51.945] [main/DEBUG] [mixin/]: Adding agents for Mixin Container composite(filtered(jar(C:/Users/TheyCreeper/Documents/Dev/CustomHomes/build/moddev/artifacts/neoforge-21.11.38-beta.jar))) > jar(C:/Users/TheyCreeper/Documents/Dev/CustomHomes/build/moddev/artifacts/neoforge-21.11.38-beta.jar > mixinextras-neoforge-0.5.0.jar)
[16Feb2026 11:05:51.945] [main/DEBUG] [mixin/]: Adding mixin platform agents for container composite(filtered(jar(C:/Users/TheyCreeper/Documents/Dev/CustomHomes/build/moddev/artifacts/neoforge-21.11.38-beta.jar))) > jar(C:/Users/TheyCreeper/Documents/Dev/CustomHomes/build/moddev/artifacts/neoforge-21.11.38-beta.jar > mixinextras-neoforge-0.5.0.jar)
[16Feb2026 11:05:51.945] [main/DEBUG] [mixin/]: Instancing new MixinPlatformAgentDefault for composite(filtered(jar(C:/Users/TheyCreeper/Documents/Dev/CustomHomes/build/moddev/artifacts/neoforge-21.11.38-beta.jar))) > jar(C:/Users/TheyCreeper/Documents/Dev/CustomHomes/build/moddev/artifacts/neoforge-21.11.38-beta.jar > mixinextras-neoforge-0.5.0.jar)
[16Feb2026 11:05:51.945] [main/DEBUG] [mixin/]: MixinPlatformAgentDefault accepted container composite(filtered(jar(C:/Users/TheyCreeper/Documents/Dev/CustomHomes/build/moddev/artifacts/neoforge-21.11.38-beta.jar))) > jar(C:/Users/TheyCreeper/Documents/Dev/CustomHomes/build/moddev/artifacts/neoforge-21.11.38-beta.jar > mixinextras-neoforge-0.5.0.jar)
[16Feb2026 11:05:51.945] [main/DEBUG] [mixin/]: Instancing new MixinPlatformAgentDefault for composite(filtered(jar(C:/Users/TheyCreeper/Documents/Dev/CustomHomes/build/moddev/artifacts/neoforge-21.11.38-beta.jar))) > jar(C:/Users/TheyCreeper/Documents/Dev/CustomHomes/build/moddev/artifacts/neoforge-21.11.38-beta.jar > mixinextras-neoforge-0.5.0.jar)
[16Feb2026 11:05:51.946] [main/DEBUG] [mixin/]: MixinPlatformAgentDefault accepted container composite(filtered(jar(C:/Users/TheyCreeper/Documents/Dev/CustomHomes/build/moddev/artifacts/neoforge-21.11.38-beta.jar))) > jar(C:/Users/TheyCreeper/Documents/Dev/CustomHomes/build/moddev/artifacts/neoforge-21.11.38-beta.jar > mixinextras-neoforge-0.5.0.jar)
[16Feb2026 11:05:51.946] [main/DEBUG] [mixin/]: Processing prepare() for PlatformAgent[MixinPlatformAgentDefault:composite(filtered(jar(C:/Users/TheyCreeper/Documents/Dev/CustomHomes/build/moddev/artifacts/neoforge-21.11.38-beta.jar))) > jar(C:/Users/TheyCreeper/Documents/Dev/CustomHomes/build/moddev/artifacts/neoforge-21.11.38-beta.jar > mixinextras-neoforge-0.5.0.jar)]
[16Feb2026 11:05:51.946] [main/DEBUG] [mixin/]: Registering mixin config: mixinextras.init.mixins.json source=composite(filtered(jar(C:/Users/TheyCreeper/Documents/Dev/CustomHomes/build/moddev/artifacts/neoforge-21.11.38-beta.jar))) > jar(C:/Users/TheyCreeper/Documents/Dev/CustomHomes/build/moddev/artifacts/neoforge-21.11.38-beta.jar > mixinextras-neoforge-0.5.0.jar)
[16Feb2026 11:05:51.947] [main/DEBUG] [mixin/]: Processing prepare() for PlatformAgent[MixinPlatformAgentDefault:composite(filtered(jar(C:/Users/TheyCreeper/Documents/Dev/CustomHomes/build/moddev/artifacts/neoforge-21.11.38-beta.jar))) > jar(C:/Users/TheyCreeper/Documents/Dev/CustomHomes/build/moddev/artifacts/neoforge-21.11.38-beta.jar > mixinextras-neoforge-0.5.0.jar)]
[16Feb2026 11:05:51.947] [main/DEBUG] [mixin/]: Registering mixin config: mixinextras.init.mixins.json source=composite(filtered(jar(C:/Users/TheyCreeper/Documents/Dev/CustomHomes/build/moddev/artifacts/neoforge-21.11.38-beta.jar))) > jar(C:/Users/TheyCreeper/Documents/Dev/CustomHomes/build/moddev/artifacts/neoforge-21.11.38-beta.jar > mixinextras-neoforge-0.5.0.jar)
[16Feb2026 11:05:51.947] [main/DEBUG] [mixin/]: inject() running with 3 agents
[16Feb2026 11:05:51.947] [main/DEBUG] [mixin/]: Processing inject() for PlatformAgent[MixinPlatformAgentDefault:ContainerHandleVirtual(fml:18c85)]
[16Feb2026 11:05:51.948] [main/DEBUG] [mixin/]: Processing inject() for PlatformAgent[MixinPlatformAgentDefault:ContainerHandleVirtual(fml:18c85)]
[16Feb2026 11:05:51.948] [main/DEBUG] [mixin/]: Processing inject() for PlatformAgent[MixinPlatformAgentDefault:composite(filtered(jar(C:/Users/TheyCreeper/Documents/Dev/CustomHomes/build/moddev/artifacts/neoforge-21.11.38-beta.jar))) > jar(C:/Users/TheyCreeper/Documents/Dev/CustomHomes/build/moddev/artifacts/neoforge-21.11.38-beta.jar > net.neoforged.neoforge-coremods-21.11.38-beta.jar)]
[16Feb2026 11:05:51.948] [main/DEBUG] [mixin/]: Processing inject() for PlatformAgent[MixinPlatformAgentDefault:composite(filtered(jar(C:/Users/TheyCreeper/Documents/Dev/CustomHomes/build/moddev/artifacts/neoforge-21.11.38-beta.jar))) > jar(C:/Users/TheyCreeper/Documents/Dev/CustomHomes/build/moddev/artifacts/neoforge-21.11.38-beta.jar > net.neoforged.neoforge-coremods-21.11.38-beta.jar)]
[16Feb2026 11:05:51.948] [main/DEBUG] [mixin/]: Processing inject() for PlatformAgent[MixinPlatformAgentDefault:composite(filtered(jar(C:/Users/TheyCreeper/Documents/Dev/CustomHomes/build/moddev/artifacts/neoforge-21.11.38-beta.jar))) > jar(C:/Users/TheyCreeper/Documents/Dev/CustomHomes/build/moddev/artifacts/neoforge-21.11.38-beta.jar > mixinextras-neoforge-0.5.0.jar)]
[16Feb2026 11:05:51.948] [main/DEBUG] [mixin/]: Processing inject() for PlatformAgent[MixinPlatformAgentDefault:composite(filtered(jar(C:/Users/TheyCreeper/Documents/Dev/CustomHomes/build/moddev/artifacts/neoforge-21.11.38-beta.jar))) > jar(C:/Users/TheyCreeper/Documents/Dev/CustomHomes/build/moddev/artifacts/neoforge-21.11.38-beta.jar > mixinextras-neoforge-0.5.0.jar)]
[16Feb2026 11:05:51.949] [main/DEBUG] [mixin/]: Preparing mixins for MixinEnvironment[DEFAULT]
[16Feb2026 11:05:51.951] [main/DEBUG] [mixin/]: Selecting config midnightlib.mixins.json
[16Feb2026 11:05:51.954] [main/DEBUG] [mixin/]: Selecting config neoforge.mixins.json
[16Feb2026 11:05:51.955] [main/DEBUG] [mixin/]: Selecting config mixinextras.init.mixins.json
[16Feb2026 11:05:51.978] [main/DEBUG] [MixinExtras|Service/]: com.llamalad7.mixinextras.service.MixinExtrasServiceImpl(version=0.5.0) is taking over from null
[16Feb2026 11:05:52.000] [main/DEBUG] [mixin/]: Registering new injector for @Inject with org.spongepowered.asm.mixin.injection.struct.CallbackInjectionInfo
[16Feb2026 11:05:52.000] [main/DEBUG] [mixin/]: Registering new injector for @ModifyArg with org.spongepowered.asm.mixin.injection.struct.ModifyArgInjectionInfo
[16Feb2026 11:05:52.001] [main/DEBUG] [mixin/]: Registering new injector for @ModifyArgs with org.spongepowered.asm.mixin.injection.struct.ModifyArgsInjectionInfo
[16Feb2026 11:05:52.002] [main/DEBUG] [mixin/]: Registering new injector for @Redirect with org.spongepowered.asm.mixin.injection.struct.RedirectInjectionInfo
[16Feb2026 11:05:52.002] [main/DEBUG] [mixin/]: Registering new injector for @ModifyVariable with org.spongepowered.asm.mixin.injection.struct.ModifyVariableInjectionInfo
[16Feb2026 11:05:52.003] [main/DEBUG] [mixin/]: Registering new injector for @ModifyConstant with org.spongepowered.asm.mixin.injection.struct.ModifyConstantInjectionInfo
[16Feb2026 11:05:52.011] [main/DEBUG] [mixin/]: Preparing midnightlib.mixins.json (1)
[16Feb2026 11:05:52.036] [main/DEBUG] [mixin/]: Preparing neoforge.mixins.json (2)
[16Feb2026 11:05:52.060] [main/DEBUG] [mixin/]: Preparing mixinextras.init.mixins.json (0)
[16Feb2026 11:05:52.246] [main/DEBUG] [io.netty.util.internal.logging.InternalLoggerFactory/]: Using SLF4J as the default logging framework
[16Feb2026 11:05:52.247] [main/DEBUG] [io.netty.util.ResourceLeakDetector/]: -Dio.netty.leakDetection.level: simple
[16Feb2026 11:05:52.247] [main/DEBUG] [io.netty.util.ResourceLeakDetector/]: -Dio.netty.leakDetection.targetRecords: 4
[16Feb2026 11:05:52.990] [Datafixer Bootstrap/INFO] [com.mojang.datafixers.DataFixerBuilder/]: 290 Datafixer optimizations took 322 milliseconds
[16Feb2026 11:05:53.077] [pool-9-thread-1/INFO] [MixinExtras|Service/]: Initializing MixinExtras via com.llamalad7.mixinextras.service.MixinExtrasServiceImpl(version=0.5.0).
[16Feb2026 11:05:53.078] [pool-9-thread-1/DEBUG] [mixin/]: Registering new injector for @SugarWrapper with com.llamalad7.mixinextras.sugar.impl.SugarWrapperInjectionInfo
[16Feb2026 11:05:53.078] [pool-9-thread-1/DEBUG] [mixin/]: Registering new injector for @FactoryRedirectWrapper with com.llamalad7.mixinextras.wrapper.factory.FactoryRedirectWrapperInjectionInfo
[16Feb2026 11:05:53.078] [pool-9-thread-1/DEBUG] [mixin/]: Registering new injector for @ExpressionInjectorWrapper with com.llamalad7.mixinextras.expression.impl.wrapper.ExpressionInjectorWrapperInjectionInfo
[16Feb2026 11:05:53.086] [pool-9-thread-1/DEBUG] [mixin/]: Mixing MappedRegistryAccessor from neoforge.mixins.json into net.minecraft.core.MappedRegistry
[16Feb2026 11:05:53.735] [pool-9-thread-1/DEBUG] [mixin/]: Mixing BlockEntityTypeAccessor from neoforge.mixins.json into net.minecraft.world.level.block.entity.BlockEntityType
[16Feb2026 11:05:56.646] [main/WARN] [net.minecraft.commands.Commands/]: Ambiguity between arguments [teleport, location] and [teleport, destination] with inputs: [0.1 -0.5 .9, 0 0 0]
[16Feb2026 11:05:56.647] [main/WARN] [net.minecraft.commands.Commands/]: Ambiguity between arguments [teleport, location] and [teleport, targets] with inputs: [0.1 -0.5 .9, 0 0 0]
[16Feb2026 11:05:56.649] [main/WARN] [net.minecraft.commands.Commands/]: Ambiguity between arguments [teleport, destination] and [teleport, targets] with inputs: [Player, 0123, @e, dd12be42-52a9-4a91-a8a1-11c01849e498]
[16Feb2026 11:05:56.649] [main/WARN] [net.minecraft.commands.Commands/]: Ambiguity between arguments [teleport, targets] and [teleport, destination] with inputs: [Player, 0123, dd12be42-52a9-4a91-a8a1-11c01849e498]
[16Feb2026 11:05:56.651] [main/WARN] [net.minecraft.commands.Commands/]: Ambiguity between arguments [teleport, targets, location] and [teleport, targets, destination] with inputs: [0.1 -0.5 .9, 0 0 0]
[16Feb2026 11:05:56.652] [main/WARN] [net.minecraft.commands.Commands/]: Ambiguity between arguments [waypoint, modify, waypoint, color, reset] and [waypoint, modify, waypoint, color, color] with inputs: [reset]
[16Feb2026 11:05:56.676] [main/DEBUG] [net.neoforged.fml.ModWorkManager/LOADING]: Using 12 threads for parallel mod-loading
[16Feb2026 11:05:56.684] [main/DEBUG] [net.neoforged.fml.javafmlmod.FMLModContainer/LOADING]: Creating FMLModContainer instance for midnightlib with entrypoints [eu.midnightdust.core.MidnightLib]
[16Feb2026 11:05:56.685] [main/DEBUG] [net.neoforged.fml.javafmlmod.FMLModContainer/LOADING]: Creating FMLModContainer instance for customhomes with entrypoints [com.theycreeper.customhomes.CustomHomesClient]
[16Feb2026 11:05:56.686] [main/DEBUG] [net.neoforged.fml.javafmlmod.FMLModContainer/LOADING]: Creating FMLModContainer instance for neoforge with entrypoints [net.neoforged.neoforge.common.NeoForgeMod, net.neoforged.neoforge.common.OnlyInWarningsHandler, net.neoforged.neoforge.client.ClientNeoForgeMod]
[16Feb2026 11:05:56.702] [modloading-worker-0/DEBUG] [net.neoforged.fml.javafmlmod.AutomaticEventSubscriber/LOADING]: Attempting to inject @EventBusSubscriber classes into the eventbus for customhomes
[16Feb2026 11:05:56.703] [modloading-worker-0/DEBUG] [net.neoforged.fml.javafmlmod.AutomaticEventSubscriber/LOADING]: Scanning class com.theycreeper.customhomes.CustomHomesClient$CommonEventBusSubscriber for @SubscribeEvent-annotated methods
[16Feb2026 11:05:56.704] [modloading-worker-0/DEBUG] [net.neoforged.fml.javafmlmod.AutomaticEventSubscriber/LOADING]: Subscribing method public static void com.theycreeper.customhomes.CustomHomesClient$CommonEventBusSubscriber.registerCommands(net.neoforged.neoforge.event.RegisterCommandsEvent) to the game event bus
[16Feb2026 11:05:56.707] [modloading-worker-0/INFO] [net.neoforged.neoforge.common.NeoForgeMod/NEOFORGE-MOD]: NeoForge mod loading, version 21.11.38-beta, for MC 1.21.11
[16Feb2026 11:05:56.733] [modloading-worker-0/DEBUG] [net.neoforged.fml.config.ConfigTracker/CONFIG]: Config file neoforge-server.toml for neoforge tracking
[16Feb2026 11:05:56.735] [modloading-worker-0/DEBUG] [net.neoforged.fml.config.ConfigTracker/CONFIG]: Config file neoforge-common.toml for neoforge tracking
[16Feb2026 11:05:56.784] [modloading-worker-0/DEBUG] [net.neoforged.fml.config.ConfigTracker/CONFIG]: Config file neoforge-client.toml for neoforge tracking
[16Feb2026 11:05:56.786] [modloading-worker-0/DEBUG] [net.neoforged.fml.javafmlmod.AutomaticEventSubscriber/LOADING]: Attempting to inject @EventBusSubscriber classes into the eventbus for midnightlib
[16Feb2026 11:05:56.786] [modloading-worker-0/DEBUG] [net.neoforged.fml.javafmlmod.AutomaticEventSubscriber/LOADING]: Scanning class eu.midnightdust.core.MidnightLib$MidnightLibBusEvents for @SubscribeEvent-annotated methods
[16Feb2026 11:05:56.787] [modloading-worker-0/DEBUG] [net.neoforged.fml.javafmlmod.AutomaticEventSubscriber/LOADING]: Subscribing method public static void eu.midnightdust.core.MidnightLib$MidnightLibBusEvents.onPostInit(net.neoforged.fml.event.lifecycle.FMLClientSetupEvent) to the event bus of mod midnightlib
[16Feb2026 11:05:56.788] [modloading-worker-0/DEBUG] [net.neoforged.fml.javafmlmod.AutomaticEventSubscriber/LOADING]: Scanning class eu.midnightdust.core.MidnightLib$MidnightLibEvents for @SubscribeEvent-annotated methods
[16Feb2026 11:05:56.788] [modloading-worker-0/DEBUG] [net.neoforged.fml.javafmlmod.AutomaticEventSubscriber/LOADING]: Subscribing method public static void eu.midnightdust.core.MidnightLib$MidnightLibEvents.registerCommands(net.neoforged.neoforge.event.RegisterCommandsEvent) to the game event bus
[16Feb2026 11:05:56.795] [modloading-worker-0/DEBUG] [net.neoforged.fml.javafmlmod.AutomaticEventSubscriber/LOADING]: Attempting to inject @EventBusSubscriber classes into the eventbus for neoforge
[16Feb2026 11:05:56.795] [modloading-worker-0/DEBUG] [net.neoforged.fml.javafmlmod.AutomaticEventSubscriber/LOADING]: Scanning class net.neoforged.neoforge.attachment.AttachmentInternals for @SubscribeEvent-annotated methods
[16Feb2026 11:05:56.796] [modloading-worker-0/DEBUG] [net.neoforged.fml.javafmlmod.AutomaticEventSubscriber/LOADING]: Subscribing method public static void net.neoforged.neoforge.attachment.AttachmentInternals.onPlayerClone(net.neoforged.neoforge.event.entity.player.PlayerEvent$Clone) to the game event bus
[16Feb2026 11:05:56.796] [modloading-worker-0/DEBUG] [net.neoforged.fml.javafmlmod.AutomaticEventSubscriber/LOADING]: Subscribing method public static void net.neoforged.neoforge.attachment.AttachmentInternals.onLivingConvert(net.neoforged.neoforge.event.entity.living.LivingConversionEvent$Post) to the game event bus
[16Feb2026 11:05:56.796] [modloading-worker-0/DEBUG] [net.neoforged.fml.javafmlmod.AutomaticEventSubscriber/LOADING]: Scanning class net.neoforged.neoforge.attachment.AttachmentSync for @SubscribeEvent-annotated methods
[16Feb2026 11:05:56.798] [modloading-worker-0/DEBUG] [net.neoforged.fml.javafmlmod.AutomaticEventSubscriber/LOADING]: Subscribing method public static void net.neoforged.neoforge.attachment.AttachmentSync.onChunkSent(net.neoforged.neoforge.event.level.ChunkWatchEvent$Sent) to the game event bus
[16Feb2026 11:05:56.798] [modloading-worker-0/DEBUG] [net.neoforged.fml.javafmlmod.AutomaticEventSubscriber/LOADING]: Scanning class net.neoforged.neoforge.client.BlockEntityRenderBoundsDebugRenderer for @SubscribeEvent-annotated methods
[16Feb2026 11:05:56.799] [modloading-worker-0/DEBUG] [net.neoforged.fml.javafmlmod.AutomaticEventSubscriber/LOADING]: Subscribing method public static void net.neoforged.neoforge.client.BlockEntityRenderBoundsDebugRenderer.onExtractLevelRenderState(net.neoforged.neoforge.client.event.ExtractLevelRenderStateEvent) to the game event bus
[16Feb2026 11:05:56.799] [modloading-worker-0/DEBUG] [net.neoforged.fml.javafmlmod.AutomaticEventSubscriber/LOADING]: Subscribing method public static void net.neoforged.neoforge.client.BlockEntityRenderBoundsDebugRenderer.onRegisterClientCommands(net.neoforged.neoforge.client.event.RegisterClientCommandsEvent) to the game event bus
[16Feb2026 11:05:56.799] [modloading-worker-0/DEBUG] [net.neoforged.fml.javafmlmod.AutomaticEventSubscriber/LOADING]: Subscribing method public static void net.neoforged.neoforge.client.BlockEntityRenderBoundsDebugRenderer.onRenderLevelStage(net.neoforged.neoforge.client.event.RenderLevelStageEvent$AfterEntities) to the game event bus
[16Feb2026 11:05:56.799] [modloading-worker-0/DEBUG] [net.neoforged.fml.javafmlmod.AutomaticEventSubscriber/LOADING]: Scanning class net.neoforged.neoforge.client.NeoForgeRenderPipelines for @SubscribeEvent-annotated methods
[16Feb2026 11:05:56.811] [modloading-worker-0/DEBUG] [net.neoforged.fml.javafmlmod.AutomaticEventSubscriber/LOADING]: Subscribing method static void net.neoforged.neoforge.client.NeoForgeRenderPipelines.registerPipelines(net.neoforged.neoforge.client.event.RegisterRenderPipelinesEvent) to the event bus of mod neoforge
[16Feb2026 11:05:56.812] [modloading-worker-0/DEBUG] [net.neoforged.fml.javafmlmod.AutomaticEventSubscriber/LOADING]: Scanning class net.neoforged.neoforge.client.network.ClientPayloadHandler for @SubscribeEvent-annotated methods
[16Feb2026 11:05:56.818] [modloading-worker-0/DEBUG] [net.neoforged.fml.javafmlmod.AutomaticEventSubscriber/LOADING]: Subscribing method private static void net.neoforged.neoforge.client.network.ClientPayloadHandler.register(net.neoforged.neoforge.client.network.event.RegisterClientPayloadHandlersEvent) to the event bus of mod neoforge
[16Feb2026 11:05:56.818] [modloading-worker-0/DEBUG] [net.neoforged.fml.javafmlmod.AutomaticEventSubscriber/LOADING]: Scanning class net.neoforged.neoforge.common.MonsterRoomHooks for @SubscribeEvent-annotated methods
[16Feb2026 11:05:56.818] [modloading-worker-0/DEBUG] [net.neoforged.fml.javafmlmod.AutomaticEventSubscriber/LOADING]: Subscribing method public static void net.neoforged.neoforge.common.MonsterRoomHooks.onDataMapsUpdated(net.neoforged.neoforge.registries.datamaps.DataMapsUpdatedEvent) to the game event bus
[16Feb2026 11:05:56.819] [modloading-worker-0/DEBUG] [net.neoforged.fml.javafmlmod.AutomaticEventSubscriber/LOADING]: Scanning class net.neoforged.neoforge.model.data.ModelDataManager for @SubscribeEvent-annotated methods
[16Feb2026 11:05:56.820] [modloading-worker-0/DEBUG] [net.neoforged.fml.javafmlmod.AutomaticEventSubscriber/LOADING]: Subscribing method public static void net.neoforged.neoforge.model.data.ModelDataManager.onChunkUnload(net.neoforged.neoforge.event.level.ChunkEvent$Unload) to the game event bus
[16Feb2026 11:05:56.820] [modloading-worker-0/DEBUG] [net.neoforged.fml.javafmlmod.AutomaticEventSubscriber/LOADING]: Scanning class net.neoforged.neoforge.network.ConfigurationInitialization for @SubscribeEvent-annotated methods
[16Feb2026 11:05:56.822] [modloading-worker-0/DEBUG] [net.neoforged.fml.javafmlmod.AutomaticEventSubscriber/LOADING]: Subscribing method private static void net.neoforged.neoforge.network.ConfigurationInitialization.configureModdedClient(net.neoforged.neoforge.network.event.RegisterConfigurationTasksEvent) to the event bus of mod neoforge
[16Feb2026 11:05:56.822] [modloading-worker-0/DEBUG] [net.neoforged.fml.javafmlmod.AutomaticEventSubscriber/LOADING]: Scanning class net.neoforged.neoforge.network.NetworkInitialization for @SubscribeEvent-annotated methods
[16Feb2026 11:05:56.823] [modloading-worker-0/DEBUG] [net.neoforged.fml.javafmlmod.AutomaticEventSubscriber/LOADING]: Subscribing method private static void net.neoforged.neoforge.network.NetworkInitialization.register(net.neoforged.neoforge.network.event.RegisterPayloadHandlersEvent) to the event bus of mod neoforge
[16Feb2026 11:05:56.823] [modloading-worker-0/DEBUG] [net.neoforged.fml.javafmlmod.AutomaticEventSubscriber/LOADING]: Scanning class net.neoforged.neoforge.network.filters.GenericPacketSplitter for @SubscribeEvent-annotated methods
[16Feb2026 11:05:56.839] [modloading-worker-0/DEBUG] [io.netty.util.internal.PlatformDependent0/]: Java version: 21
[16Feb2026 11:05:56.839] [modloading-worker-0/DEBUG] [io.netty.util.internal.PlatformDependent0/]: -Dio.netty.noUnsafe: false
[16Feb2026 11:05:56.841] [modloading-worker-0/DEBUG] [io.netty.util.internal.PlatformDependent0/]: sun.misc.Unsafe.theUnsafe: available
[16Feb2026 11:05:56.841] [modloading-worker-0/DEBUG] [io.netty.util.internal.PlatformDependent0/]: sun.misc.Unsafe base methods: all available
[16Feb2026 11:05:56.841] [modloading-worker-0/DEBUG] [io.netty.util.internal.PlatformDependent0/]: java.nio.Buffer.address: available
[16Feb2026 11:05:56.841] [modloading-worker-0/DEBUG] [io.netty.util.internal.PlatformDependent0/]: direct buffer constructor: unavailable: Reflective setAccessible(true) disabled
[16Feb2026 11:05:56.842] [modloading-worker-0/DEBUG] [io.netty.util.internal.PlatformDependent0/]: java.nio.Bits.unaligned: available, true
[16Feb2026 11:05:56.842] [modloading-worker-0/DEBUG] [io.netty.util.internal.PlatformDependent0/]: jdk.internal.misc.Unsafe.allocateUninitializedArray(int): unavailable: symbolic reference class is not accessible: class jdk.internal.misc.Unsafe, from class io.netty.util.internal.PlatformDependent0 (unnamed module @7f690630)
[16Feb2026 11:05:56.843] [modloading-worker-0/DEBUG] [io.netty.util.internal.PlatformDependent0/]: java.nio.DirectByteBuffer.<init>(long, {int,long}): unavailable
[16Feb2026 11:05:56.843] [modloading-worker-0/DEBUG] [io.netty.util.internal.PlatformDependent/]: sun.misc.Unsafe: available
[16Feb2026 11:05:56.843] [modloading-worker-0/DEBUG] [io.netty.util.internal.PlatformDependent/]: -Dio.netty.tmpdir: C:\Users\THEYCR~1\AppData\Local\Temp (java.io.tmpdir)
[16Feb2026 11:05:56.843] [modloading-worker-0/DEBUG] [io.netty.util.internal.PlatformDependent/]: -Dio.netty.bitMode: 64 (sun.arch.data.model)
[16Feb2026 11:05:56.843] [modloading-worker-0/DEBUG] [io.netty.util.internal.PlatformDependent/]: Platform: Windows
[16Feb2026 11:05:56.844] [modloading-worker-0/DEBUG] [io.netty.util.internal.PlatformDependent/]: -Dio.netty.maxDirectMemory: -1 bytes
[16Feb2026 11:05:56.845] [modloading-worker-0/DEBUG] [io.netty.util.internal.CleanerJava9/]: java.nio.ByteBuffer.cleaner(): available
[16Feb2026 11:05:56.845] [modloading-worker-0/DEBUG] [io.netty.util.internal.PlatformDependent/]: -Dio.netty.noPreferDirect: false
[16Feb2026 11:05:56.846] [modloading-worker-0/DEBUG] [io.netty.util.internal.PlatformDependent/]: -Dio.netty.jfr.enabled: true
[16Feb2026 11:05:56.850] [modloading-worker-0/DEBUG] [io.netty.buffer.AbstractByteBuf/]: -Dio.netty.buffer.checkAccessible: true
[16Feb2026 11:05:56.850] [modloading-worker-0/DEBUG] [io.netty.buffer.AbstractByteBuf/]: -Dio.netty.buffer.checkBounds: true
[16Feb2026 11:05:56.851] [modloading-worker-0/DEBUG] [io.netty.util.ResourceLeakDetectorFactory/]: Loaded default ResourceLeakDetector: io.netty.util.ResourceLeakDetector@6b059b86
[16Feb2026 11:05:56.857] [modloading-worker-0/DEBUG] [io.netty.util.internal.InternalThreadLocalMap/]: -Dio.netty.threadLocalMap.stringBuilder.initialSize: 1024
[16Feb2026 11:05:56.857] [modloading-worker-0/DEBUG] [io.netty.util.internal.InternalThreadLocalMap/]: -Dio.netty.threadLocalMap.stringBuilder.maxSize: 4096
[16Feb2026 11:05:56.858] [modloading-worker-0/DEBUG] [io.netty.buffer.AdaptiveByteBufAllocator/]: -Dio.netty.allocator.useCachedMagazinesForNonEventLoopThreads: false
[16Feb2026 11:05:56.866] [modloading-worker-0/DEBUG] [io.netty.util.Recycler/]: -Dio.netty.recycler.maxCapacityPerThread: 4096
[16Feb2026 11:05:56.866] [modloading-worker-0/DEBUG] [io.netty.util.Recycler/]: -Dio.netty.recycler.ratio: 8
[16Feb2026 11:05:56.866] [modloading-worker-0/DEBUG] [io.netty.util.Recycler/]: -Dio.netty.recycler.chunkSize: 32
[16Feb2026 11:05:56.866] [modloading-worker-0/DEBUG] [io.netty.util.Recycler/]: -Dio.netty.recycler.blocking: false
[16Feb2026 11:05:56.866] [modloading-worker-0/DEBUG] [io.netty.util.Recycler/]: -Dio.netty.recycler.batchFastThreadLocalOnly: true
[16Feb2026 11:05:56.870] [modloading-worker-0/DEBUG] [io.netty.buffer.ByteBufUtil/]: -Dio.netty.allocator.type: adaptive
[16Feb2026 11:05:56.870] [modloading-worker-0/DEBUG] [io.netty.buffer.ByteBufUtil/]: -Dio.netty.threadLocalDirectBufferSize: 0
[16Feb2026 11:05:56.870] [modloading-worker-0/DEBUG] [io.netty.buffer.ByteBufUtil/]: -Dio.netty.maxThreadLocalCharBufferSize: 16384
[16Feb2026 11:05:56.874] [modloading-worker-0/DEBUG] [net.neoforged.fml.javafmlmod.AutomaticEventSubscriber/LOADING]: Subscribing method private static void net.neoforged.neoforge.network.filters.GenericPacketSplitter.register(net.neoforged.neoforge.network.event.RegisterPayloadHandlersEvent) to the event bus of mod neoforge
[16Feb2026 11:05:56.972] [modloading-sync-worker/DEBUG] [net.neoforged.fml.config.ConfigTracker/CONFIG]: Loading configs type CLIENT
[16Feb2026 11:05:56.979] [modloading-sync-worker/DEBUG] [net.neoforged.neoforge.common.NeoForgeMod/FORGEMOD]: Loaded NeoForge config file neoforge-client.toml
[16Feb2026 11:05:56.979] [modloading-sync-worker/DEBUG] [net.neoforged.fml.config.ConfigTracker/CONFIG]: Loaded TOML config file C:\Users\TheyCreeper\Documents\Dev\CustomHomes\run\config\neoforge-client.toml
[16Feb2026 11:05:56.984] [modloading-sync-worker/DEBUG] [net.neoforged.fml.config.ConfigTracker/CONFIG]: Watching TOML config file C:\Users\TheyCreeper\Documents\Dev\CustomHomes\run\config\neoforge-client.toml for changes
[16Feb2026 11:05:56.985] [modloading-sync-worker/DEBUG] [net.neoforged.fml.config.ConfigTracker/CONFIG]: Loading configs type COMMON
[16Feb2026 11:05:56.985] [modloading-sync-worker/DEBUG] [net.neoforged.neoforge.common.NeoForgeMod/FORGEMOD]: Loaded NeoForge config file neoforge-common.toml
[16Feb2026 11:05:56.985] [modloading-sync-worker/DEBUG] [net.neoforged.fml.config.ConfigTracker/CONFIG]: Loaded TOML config file C:\Users\TheyCreeper\Documents\Dev\CustomHomes\run\config\neoforge-common.toml
[16Feb2026 11:05:56.986] [modloading-sync-worker/DEBUG] [net.neoforged.fml.config.ConfigTracker/CONFIG]: Watching TOML config file C:\Users\TheyCreeper\Documents\Dev\CustomHomes\run\config\neoforge-common.toml for changes
[16Feb2026 11:05:57.136] [Render thread/INFO] [com.mojang.authlib.yggdrasil.YggdrasilAuthenticationService/]: Environment: Environment[sessionHost=https://sessionserver.mojang.com, servicesHost=https://api.minecraftservices.com, profilesHost=https://api.mojang.com, name=PROD]
[16Feb2026 11:05:57.158] [Render thread/INFO] [net.minecraft.client.Minecraft/]: Setting user: Dev
[16Feb2026 11:05:57.226] [Render thread/INFO] [net.minecraft.client.Minecraft/]: Backend library: LWJGL version 3.3.3+5
[16Feb2026 11:05:57.318] [Render thread/INFO] [net.minecraft.client.Minecraft/]: Using optional rendering extensions: GL_ARB_buffer_storage, GL_KHR_debug, GL_ARB_vertex_attrib_binding, GL_ARB_direct_state_access, GL_EXT_texture_filter_anisotropic
[16Feb2026 11:05:57.719] [Render thread/DEBUG] [mixin/]: Mixing MixinOptionsScreen from midnightlib.mixins.json into net.minecraft.client.gui.screens.options.OptionsScreen
[16Feb2026 11:05:57.721] [Render thread/DEBUG] [mixin/]: midnightlib.mixins.json:MixinOptionsScreen from mod midnightlib: Class version 65 required is higher than the class version supported by the current version of Mixin (JAVA_17 supports class version 61)
[16Feb2026 11:05:57.728] [Render thread/DEBUG] [mixin/]: Renaming synthetic method lambda$new$0(Lnet/minecraft/client/gui/components/Button;)V to md9d50fc$midnightlib$lambda$new$0$0 in midnightlib.mixins.json:MixinOptionsScreen from mod midnightlib
[16Feb2026 11:05:57.760] [Render thread/DEBUG] [mixin/]: midnightlib.mixins.json:MixinOptionsScreen from mod midnightlib->@Inject::midnightlib$onInit(Lorg/spongepowered/asm/mixin/injection/callback/CallbackInfo;)V doesn't use it's CallbackInfo
[16Feb2026 11:05:57.760] [Render thread/DEBUG] [mixin/]: midnightlib.mixins.json:MixinOptionsScreen from mod midnightlib->@Inject::midnightlib$onInit(Lorg/spongepowered/asm/mixin/injection/callback/CallbackInfo;)V has 0 override(s) in child classes
[16Feb2026 11:05:57.760] [Render thread/DEBUG] [mixin/]: midnightlib.mixins.json:MixinOptionsScreen from mod midnightlib->@Inject::midnightlib$onInit(Lorg/spongepowered/asm/mixin/injection/callback/CallbackInfo;)V won't be passed a CallbackInfo as a result
[16Feb2026 11:05:57.760] [Render thread/DEBUG] [mixin/]: midnightlib.mixins.json:MixinOptionsScreen from mod midnightlib->@Inject::midnightlib$onResize(Lorg/spongepowered/asm/mixin/injection/callback/CallbackInfo;)V doesn't use it's CallbackInfo
[16Feb2026 11:05:57.760] [Render thread/DEBUG] [mixin/]: midnightlib.mixins.json:MixinOptionsScreen from mod midnightlib->@Inject::midnightlib$onResize(Lorg/spongepowered/asm/mixin/injection/callback/CallbackInfo;)V has 0 override(s) in child classes
[16Feb2026 11:05:57.760] [Render thread/DEBUG] [mixin/]: midnightlib.mixins.json:MixinOptionsScreen from mod midnightlib->@Inject::midnightlib$onResize(Lorg/spongepowered/asm/mixin/injection/callback/CallbackInfo;)V won't be passed a CallbackInfo as a result
[16Feb2026 11:05:57.785] [Render thread/INFO] [net.minecraft.server.packs.resources.ReloadableResourceManager/]: Reloading ResourceManager: vanilla, mod_resources, mod/midnightlib, mod/customhomes, mod/neoforge
[16Feb2026 11:05:57.966] [Render thread/DEBUG] [net.neoforged.fml.DeferredWorkQueue/LOADING]: Dispatching synchronous work for work queue Common setup: 1 jobs
[16Feb2026 11:05:57.970] [Render thread/DEBUG] [net.neoforged.fml.DeferredWorkQueue/LOADING]: Synchronous work queue completed in 2.699 ms
[16Feb2026 11:05:58.156] [resourceLoad/INFO] [net.minecraft.client.gui.font.providers.UnihexProvider/]: Found unifont_pua-17.0.01.hex, loading
[16Feb2026 11:05:58.157] [resourceLoad/INFO] [net.minecraft.client.gui.font.providers.UnihexProvider/]: Found unifont_all_no_pua-17.0.01.hex, loading
[16Feb2026 11:05:58.229] [resourceLoad/INFO] [net.minecraft.client.gui.font.providers.UnihexProvider/]: Found unifont_jp_patch-17.0.01.hex, loading
[16Feb2026 11:05:59.009] [Render thread/INFO] [com.mojang.blaze3d.audio.Library/]: OpenAL initialized on device OpenAL Soft on Speakers (Scarlett Solo USB)
[16Feb2026 11:05:59.009] [Render thread/INFO] [net.minecraft.client.sounds.SoundEngine/SOUNDS]: Sound engine started
[16Feb2026 11:05:59.009] [Render thread/INFO] [net.minecraft.client.renderer.texture.TextureAtlas/]: Created: 512x256x0 minecraft:textures/atlas/particles.png-atlas
[16Feb2026 11:05:59.021] [Render thread/INFO] [net.minecraft.client.renderer.texture.TextureAtlas/]: Created: 128x128x0 minecraft:textures/atlas/decorated_pot.png-atlas
[16Feb2026 11:05:59.022] [Render thread/INFO] [net.minecraft.client.renderer.texture.TextureAtlas/]: Created: 2048x1024x0 minecraft:textures/atlas/armor_trims.png-atlas
[16Feb2026 11:05:59.037] [Render thread/INFO] [net.minecraft.client.renderer.texture.TextureAtlas/]: Created: 512x256x0 minecraft:textures/atlas/paintings.png-atlas
[16Feb2026 11:05:59.046] [Render thread/INFO] [net.minecraft.client.renderer.texture.TextureAtlas/]: Created: 1024x512x0 minecraft:textures/atlas/shield_patterns.png-atlas
[16Feb2026 11:05:59.047] [Render thread/INFO] [net.minecraft.client.renderer.texture.TextureAtlas/]: Created: 2048x2048x4 minecraft:textures/atlas/blocks.png-atlas
[16Feb2026 11:05:59.091] [Render thread/INFO] [net.minecraft.client.renderer.texture.TextureAtlas/]: Created: 512x512x0 minecraft:textures/atlas/chest.png-atlas
[16Feb2026 11:05:59.095] [Render thread/INFO] [net.minecraft.client.renderer.texture.TextureAtlas/]: Created: 256x128x0 minecraft:textures/atlas/celestials.png-atlas
[16Feb2026 11:05:59.096] [Render thread/INFO] [net.minecraft.client.renderer.texture.TextureAtlas/]: Created: 1024x512x0 minecraft:textures/atlas/banner_patterns.png-atlas
[16Feb2026 11:05:59.097] [Render thread/INFO] [net.minecraft.client.renderer.texture.TextureAtlas/]: Created: 512x512x0 minecraft:textures/atlas/beds.png-atlas
[16Feb2026 11:05:59.098] [Render thread/INFO] [net.minecraft.client.renderer.texture.TextureAtlas/]: Created: 1024x512x0 minecraft:textures/atlas/items.png-atlas
[16Feb2026 11:05:59.106] [Render thread/INFO] [net.minecraft.client.renderer.texture.TextureAtlas/]: Created: 1024x1024x0 minecraft:textures/atlas/gui.png-atlas
[16Feb2026 11:05:59.117] [Render thread/INFO] [net.minecraft.client.renderer.texture.TextureAtlas/]: Created: 128x64x0 minecraft:textures/atlas/map_decorations.png-atlas
[16Feb2026 11:05:59.124] [Render thread/INFO] [net.minecraft.client.renderer.texture.TextureAtlas/]: Created: 512x256x0 minecraft:textures/atlas/signs.png-atlas
[16Feb2026 11:05:59.125] [Render thread/INFO] [net.minecraft.client.renderer.texture.TextureAtlas/]: Created: 512x512x0 minecraft:textures/atlas/shulker_boxes.png-atlas
[16Feb2026 11:05:59.208] [Render thread/INFO] [net.neoforged.neoforge.client.entity.animation.json.AnimationLoader/]: Loaded 0 entity animations
[16Feb2026 11:05:59.344] [Render thread/DEBUG] [net.neoforged.fml.classloading.transformation.ClassTransformStatistics/]: Transformed/total loaded classes: 387/7183 (5.39%) and 30 parsed for mixin
[16Feb2026 11:06:03.436] [Render thread/INFO] [net.minecraft.world.item.crafting.RecipeManager/]: Loaded 1470 recipes
[16Feb2026 11:06:03.445] [Render thread/INFO] [net.minecraft.advancements.AdvancementTree/]: Loaded 1584 advancements
[16Feb2026 11:06:03.447] [Render thread/INFO] [net.neoforged.neoforge.common.crafting.RecipePriorityManager/]: Loaded 0 recipe priority overrides
[16Feb2026 11:06:03.515] [Render thread/DEBUG] [net.neoforged.neoforge.common.CommonHooks/WP]: Gathered mod list to write to world save New World
[16Feb2026 11:06:03.567] [Server thread/INFO] [net.minecraft.client.server.IntegratedServer/]: Starting integrated minecraft server version 1.21.11
[16Feb2026 11:06:03.567] [Server thread/INFO] [net.minecraft.server.MinecraftServer/]: Generating keypair
[16Feb2026 11:06:03.663] [Server thread/DEBUG] [net.neoforged.fml.config.ConfigTracker/CONFIG]: Loading configs type SERVER
[16Feb2026 11:06:03.664] [Server thread/DEBUG] [net.neoforged.neoforge.common.NeoForgeMod/FORGEMOD]: Loaded NeoForge config file neoforge-server.toml
[16Feb2026 11:06:03.665] [Server thread/DEBUG] [net.neoforged.fml.config.ConfigTracker/CONFIG]: Loaded TOML config file C:\Users\TheyCreeper\Documents\Dev\CustomHomes\run\config\neoforge-server.toml
[16Feb2026 11:06:03.665] [Server thread/DEBUG] [net.neoforged.fml.config.ConfigTracker/CONFIG]: Watching TOML config file C:\Users\TheyCreeper\Documents\Dev\CustomHomes\run\config\neoforge-server.toml for changes
[16Feb2026 11:06:03.839] [Server thread/INFO] [net.minecraft.server.level.progress.LoggingLevelLoadListener/]: Loading 0 persistent chunks...
[16Feb2026 11:06:03.852] [Server thread/INFO] [net.neoforged.neoforge.server.permission.PermissionAPI/]: Successfully initialized permission handler neoforge:default_handler
[16Feb2026 11:06:03.935] [Render thread/DEBUG] [io.netty.channel.MultithreadEventLoopGroup/]: -Dio.netty.eventLoopThreads: 24
[16Feb2026 11:06:03.943] [Render thread/DEBUG] [io.netty.util.concurrent.GlobalEventExecutor/]: -Dio.netty.globalEventExecutor.quietPeriodSeconds: 1
[16Feb2026 11:06:03.952] [Render thread/DEBUG] [io.netty.util.internal.PlatformDependent/]: org.jctools-core.MpscChunkedArrayQueue: available
[16Feb2026 11:06:03.958] [Render thread/DEBUG] [io.netty.channel.DefaultChannelId/]: -Dio.netty.processId: 44512 (auto-detected)
[16Feb2026 11:06:03.958] [Render thread/DEBUG] [io.netty.util.NetUtil/]: -Djava.net.preferIPv4Stack: false
[16Feb2026 11:06:03.958] [Render thread/DEBUG] [io.netty.util.NetUtil/]: -Djava.net.preferIPv6Addresses: system
[16Feb2026 11:06:03.960] [Render thread/DEBUG] [io.netty.util.NetUtilInitializations/]: Loopback interface: loopback_0 (Software Loopback Interface 1, 0:0:0:0:0:0:0:1)
[16Feb2026 11:06:03.960] [Render thread/DEBUG] [io.netty.util.NetUtil/]: Failed to get SOMAXCONN from sysctl and file \proc\sys\net\core\somaxconn. Default: 200
[16Feb2026 11:06:03.962] [Render thread/DEBUG] [io.netty.channel.DefaultChannelId/]: -Dio.netty.machineId: a8:e2:91:ff:fe:51:28:fb (auto-detected)
[16Feb2026 11:06:03.970] [Render thread/DEBUG] [io.netty.bootstrap.ChannelInitializerExtensions/]: -Dio.netty.bootstrap.extensions: null
[16Feb2026 11:06:04.092] [Netty Local IO #1/DEBUG] [net.neoforged.neoforge.network.filters.NetworkFilters/]: Injected net.neoforged.neoforge.network.filters.GenericPacketSplitter@f1e2207 into net.minecraft.network.Connection@a639401
[16Feb2026 11:06:04.094] [Netty Local IO #0/DEBUG] [net.neoforged.neoforge.network.filters.NetworkFilters/]: Injected net.neoforged.neoforge.network.filters.GenericPacketSplitter@26b9bb31 into net.minecraft.network.Connection@308d0a6b
[16Feb2026 11:06:04.227] [Server thread/INFO] [net.minecraft.server.level.progress.LoggingLevelLoadListener/]: Loading 49 chunks for player spawn...
[16Feb2026 11:06:04.227] [Server thread/INFO] [net.minecraft.server.level.progress.LoggingLevelLoadListener/]: Preparing spawn area: 16%
[16Feb2026 11:06:04.355] [Server thread/INFO] [net.minecraft.server.level.progress.LoggingLevelLoadListener/]: Preparing spawn area: 49%
[16Feb2026 11:06:04.404] [Server thread/INFO] [net.minecraft.server.level.progress.LoggingLevelLoadListener/]: Time elapsed: 565 ms
[16Feb2026 11:06:04.556] [Netty Local IO #1/DEBUG] [net.neoforged.neoforge.network.filters.NetworkFilters/]: Injected net.neoforged.neoforge.network.filters.GenericPacketSplitter@2ea73c into net.minecraft.network.Connection@a639401
[16Feb2026 11:06:04.624] [Server thread/INFO] [net.minecraft.server.players.PlayerList/]: Dev[local:E:fb21de06] logged in with entity id 1 at (9.982665951224002, 56.0, -1.8255850121354238)
[16Feb2026 11:06:04.635] [Server thread/DEBUG] [net.neoforged.neoforge.common.CommonHooks/]: Sending 0 recipes of the following types: []
[16Feb2026 11:06:04.660] [Server thread/INFO] [net.minecraft.server.MinecraftServer/]: Dev joined the game
[16Feb2026 11:06:04.728] [Server thread/INFO] [net.minecraft.client.server.IntegratedServer/]: Changing view distance to 16, from 10
[16Feb2026 11:06:04.731] [Server thread/INFO] [net.minecraft.client.server.IntegratedServer/]: Changing simulation distance to 12, from 0
[16Feb2026 11:06:04.743] [Render thread/WARN] [net.minecraft.client.multiplayer.ClientPacketListener/]: Ignoring chat session from Dev due to missing Services public key
[16Feb2026 11:06:04.744] [Render thread/INFO] [net.minecraft.advancements.AdvancementTree/]: Loaded 6 advancements
[16Feb2026 11:06:04.801] [Render thread/INFO] [net.minecraft.client.renderer.DynamicUniformStorage/]: Resizing Dynamic Transforms UBO, capacity limit of 2 reached during a single frame. New capacity will be 4.
[16Feb2026 11:06:04.836] [Render thread/INFO] [net.minecraft.client.renderer.DynamicUniformStorage/]: Resizing Dynamic Transforms UBO, capacity limit of 4 reached during a single frame. New capacity will be 8.
[16Feb2026 11:06:04.894] [Render thread/INFO] [net.minecraft.client.renderer.DynamicUniformStorage/]: Resizing Dynamic Transforms UBO, capacity limit of 8 reached during a single frame. New capacity will be 16.
[16Feb2026 11:06:04.948] [Render thread/INFO] [net.minecraft.client.renderer.DynamicUniformStorage/]: Resizing Chunk Sections UBO, capacity limit of 2 reached during a single frame. New capacity will be 8.
[16Feb2026 11:06:04.982] [Render thread/INFO] [net.minecraft.client.renderer.DynamicUniformStorage/]: Resizing Chunk Sections UBO, capacity limit of 8 reached during a single frame. New capacity will be 16.
[16Feb2026 11:06:05.022] [Render thread/INFO] [net.minecraft.client.renderer.DynamicUniformStorage/]: Resizing Chunk Sections UBO, capacity limit of 16 reached during a single frame. New capacity will be 32.
[16Feb2026 11:06:05.060] [Render thread/INFO] [net.minecraft.client.renderer.DynamicUniformStorage/]: Resizing Chunk Sections UBO, capacity limit of 32 reached during a single frame. New capacity will be 64.
[16Feb2026 11:06:05.193] [Render thread/INFO] [net.minecraft.client.renderer.DynamicUniformStorage/]: Resizing Chunk Sections UBO, capacity limit of 64 reached during a single frame. New capacity will be 128.
[16Feb2026 11:06:05.384] [Render thread/INFO] [net.minecraft.client.renderer.DynamicUniformStorage/]: Resizing Chunk Sections UBO, capacity limit of 128 reached during a single frame. New capacity will be 256.
[16Feb2026 11:06:06.072] [Render thread/INFO] [net.minecraft.client.renderer.DynamicUniformStorage/]: Resizing Chunk Sections UBO, capacity limit of 256 reached during a single frame. New capacity will be 512.
[16Feb2026 11:06:06.499] [Server thread/INFO] [net.minecraft.server.MinecraftServer/]: [Dev: Homes list: , testHome]
[16Feb2026 11:06:06.509] [Render thread/INFO] [net.minecraft.client.gui.components.ChatComponent/]: [System] [CHAT] Homes list: , testHome
